[debug] [2022-05-11T08:01:25.380Z] ----------------------------------------------------------------------
[debug] [2022-05-11T08:01:25.383Z] Command:       C:\Program Files\nodejs\node.exe C:\Users\lsha0\AppData\Roaming\npm\node_modules\firebase-tools\lib\bin\firebase.js init
[debug] [2022-05-11T08:01:25.384Z] CLI Version:   10.9.0
[debug] [2022-05-11T08:01:25.384Z] Platform:      win32
[debug] [2022-05-11T08:01:25.384Z] Node Version:  v16.14.2
[debug] [2022-05-11T08:01:25.390Z] Time:          Wed May 11 2022 01:01:25 GMT-0700 (Pacific Daylight Saving Time)
[debug] [2022-05-11T08:01:25.391Z] ----------------------------------------------------------------------
[debug] 
[debug] [2022-05-11T08:01:25.408Z] > command requires scopes: ["email","openid","https://www.googleapis.com/auth/cloudplatformprojects.readonly","https://www.googleapis.com/auth/firebase","https://www.googleapis.com/auth/cloud-platform"]
[debug] [2022-05-11T08:01:25.409Z] > authorizing via signed-in user (lsha0730@gmail.com)
[info] 
     ######## #### ########  ######## ########     ###     ######  ########
     ##        ##  ##     ## ##       ##     ##  ##   ##  ##       ##
     ######    ##  ########  ######   ########  #########  ######  ######
     ##        ##  ##    ##  ##       ##     ## ##     ##       ## ##
     ##       #### ##     ## ######## ########  ##     ##  ######  ########

You're about to initialize a Firebase project in this directory:

  C:\Users\lsha0\OneDrive\Backup\3. Computer Science\Projects\Web\digital-directive-system\staff-side

[info] 
=== Project Setup
[info] 
[info] First, let's associate this project directory with a Firebase project.
[info] You can create multiple project aliases by running firebase use --add, 
[info] but for now we'll just set up a default project.
[info] 
[debug] [2022-05-11T08:01:41.639Z] > refreshing access token with scopes: []
[debug] [2022-05-11T08:01:41.640Z] >>> HTTP REQUEST POST https://www.googleapis.com/oauth2/v3/token  
 <request body omitted>
[debug] [2022-05-11T08:01:41.780Z] <<< HTTP RESPONSE 200 {"cache-control":"no-cache, no-store, max-age=0, must-revalidate","pragma":"no-cache","date":"Wed, 11 May 2022 08:01:41 GMT","expires":"Mon, 01 Jan 1990 00:00:00 GMT","content-type":"application/json; charset=utf-8","vary":"X-Origin, Referer, Origin,Accept-Encoding","server":"scaffolding on HTTPServer2","x-xss-protection":"0","x-frame-options":"SAMEORIGIN","x-content-type-options":"nosniff","alt-svc":"h3=\":443\"; ma=2592000,h3-29=\":443\"; ma=2592000,h3-Q050=\":443\"; ma=2592000,h3-Q046=\":443\"; ma=2592000,h3-Q043=\":443\"; ma=2592000,quic=\":443\"; ma=2592000; v=\"46,43\"","accept-ranges":"none","transfer-encoding":"chunked"}
[debug] [2022-05-11T08:01:41.800Z] >>> [apiv2][query] GET https://firebase.googleapis.com/v1beta1/projects pageSize=100
[debug] [2022-05-11T08:01:42.219Z] <<< [apiv2][status] GET https://firebase.googleapis.com/v1beta1/projects 200
[debug] [2022-05-11T08:01:42.220Z] <<< [apiv2][body] GET https://firebase.googleapis.com/v1beta1/projects [omitted]
[info] i  Using project munsuite-d1d0c (munsuite) 
[info] 
=== Database Setup
[info] i  database: ensuring required API firebasedatabase.googleapis.com is enabled... 
[debug] [2022-05-11T08:01:43.495Z] >>> [apiv2][query] GET https://serviceusage.googleapis.com/v1/projects/munsuite-d1d0c/services/firebasedatabase.googleapis.com [none]
[debug] [2022-05-11T08:01:43.954Z] <<< [apiv2][status] GET https://serviceusage.googleapis.com/v1/projects/munsuite-d1d0c/services/firebasedatabase.googleapis.com 200
[debug] [2022-05-11T08:01:43.955Z] <<< [apiv2][body] GET https://serviceusage.googleapis.com/v1/projects/munsuite-d1d0c/services/firebasedatabase.googleapis.com [omitted]
[info] +  database: required API firebasedatabase.googleapis.com is enabled 
[info] 
[debug] [2022-05-11T08:01:43.957Z] > refreshing access token with scopes: ["email","https://www.googleapis.com/auth/cloud-platform","https://www.googleapis.com/auth/cloudplatformprojects.readonly","https://www.googleapis.com/auth/firebase","openid"]
[debug] [2022-05-11T08:01:43.957Z] >>> HTTP REQUEST POST https://www.googleapis.com/oauth2/v3/token  
 <request body omitted>
[debug] [2022-05-11T08:01:44.156Z] <<< HTTP RESPONSE 200 {"pragma":"no-cache","expires":"Mon, 01 Jan 1990 00:00:00 GMT","cache-control":"no-cache, no-store, max-age=0, must-revalidate","date":"Wed, 11 May 2022 08:01:44 GMT","content-type":"application/json; charset=utf-8","vary":"X-Origin, Referer, Origin,Accept-Encoding","server":"scaffolding on HTTPServer2","x-xss-protection":"0","x-frame-options":"SAMEORIGIN","x-content-type-options":"nosniff","alt-svc":"h3=\":443\"; ma=2592000,h3-29=\":443\"; ma=2592000,h3-Q050=\":443\"; ma=2592000,h3-Q046=\":443\"; ma=2592000,h3-Q043=\":443\"; ma=2592000,quic=\":443\"; ma=2592000; v=\"46,43\"","accept-ranges":"none","transfer-encoding":"chunked"}
[debug] [2022-05-11T08:01:44.168Z] >>> HTTP REQUEST GET https://firebasedatabase.googleapis.com/v1beta/projects/munsuite-d1d0c/locations/-/instances/munsuite-d1d0c-default-rtdb  
 
[debug] [2022-05-11T08:01:44.685Z] <<< HTTP RESPONSE 200 {"content-type":"application/json; charset=UTF-8","vary":"X-Origin, Referer, Origin,Accept-Encoding","date":"Wed, 11 May 2022 08:01:44 GMT","server":"ESF","cache-control":"private","x-xss-protection":"0","x-frame-options":"SAMEORIGIN","x-content-type-options":"nosniff","alt-svc":"h3=\":443\"; ma=2592000,h3-29=\":443\"; ma=2592000,h3-Q050=\":443\"; ma=2592000,h3-Q046=\":443\"; ma=2592000,h3-Q043=\":443\"; ma=2592000,quic=\":443\"; ma=2592000; v=\"46,43\"","accept-ranges":"none","transfer-encoding":"chunked"}
[info] 
[info] Firebase Realtime Database Security Rules allow you to define how your data should be
[info] structured and when your data can be read from and written to.
[info] 
[debug] [2022-05-11T08:01:48.876Z] >>> HTTP REQUEST GET https://munsuite-d1d0c-default-rtdb.firebaseio.com/.settings/rules.json  
 
[debug] [2022-05-11T08:01:49.244Z] <<< HTTP RESPONSE 200 {"server":"nginx","date":"Wed, 11 May 2022 08:01:49 GMT","content-type":"application/json; charset=utf-8","content-length":"119","connection":"keep-alive","access-control-allow-origin":"*","cache-control":"no-cache","strict-transport-security":"max-age=31556926; includeSubDomains; preload"}
[info] +  Database Rules for munsuite-d1d0c-default-rtdb have been written to database.rules.json. 
[info] Future modifications to database.rules.json will update Realtime Database Security Rules when you run
[info] firebase deploy.
[info] 
=== Hosting Setup
[info] 
[info] Your public directory is the folder (relative to your project directory) that
[info] will contain Hosting assets to be uploaded with firebase deploy. If you
[info] have a build process for your assets, use your build's output directory.
[info] 
[debug] [2022-05-11T08:01:57.087Z] >>> [apiv2][query] GET https://www.gstatic.com/firebasejs/releases.json [none]
[debug] [2022-05-11T08:01:57.175Z] <<< [apiv2][status] GET https://www.gstatic.com/firebasejs/releases.json 200
[debug] [2022-05-11T08:01:57.176Z] <<< [apiv2][body] GET https://www.gstatic.com/firebasejs/releases.json {"current":{"version":"9.8.1","browserURL":"https://www.gstatic.com/firebasejs/9.8.1/firebase.js","packageURL":"https://www.gstatic.com/firebasejs/9.8.1/firebase.tgz"},"live":{"version":"9.8","browserURL":"https://www.gstatic.com/firebasejs/live/9.8/firebase.js","packageURL":"https://www.gstatic.com/firebasejs/live/9.8/firebase.tgz"},"components":{"analytics":"https://www.gstatic.com/firebasejs/9.8.1/firebase-analytics.js","app":"https://www.gstatic.com/firebasejs/9.8.1/firebase-app.js","app-check":"https://www.gstatic.com/firebasejs/9.8.1/firebase-app-check.js","auth":"https://www.gstatic.com/firebasejs/9.8.1/firebase-auth.js","auth/cordova":"https://www.gstatic.com/firebasejs/9.8.1/firebase-auth/cordova.js","auth/react-native":"https://www.gstatic.com/firebasejs/9.8.1/firebase-auth/react-native.js","functions":"https://www.gstatic.com/firebasejs/9.8.1/firebase-functions.js","firestore":"https://www.gstatic.com/firebasejs/9.8.1/firebase-firestore.js","firestore/lite":"https://www.gstatic.com/firebasejs/9.8.1/firebase-firestore/lite.js","storage":"https://www.gstatic.com/firebasejs/9.8.1/firebase-storage.js","performance":"https://www.gstatic.com/firebasejs/9.8.1/firebase-performance.js","remote-config":"https://www.gstatic.com/firebasejs/9.8.1/firebase-remote-config.js","messaging":"https://www.gstatic.com/firebasejs/9.8.1/firebase-messaging.js","messaging/sw":"https://www.gstatic.com/firebasejs/9.8.1/firebase-messaging/sw.js","database":"https://www.gstatic.com/firebasejs/9.8.1/firebase-database.js","firestore.memory":"https://www.gstatic.com/firebasejs/9.8.1/firebase-firestore.memory.js"}}
[debug] [2022-05-11T08:01:57.265Z] Error: ENOENT: no such file or directory, open 'C:\Users\lsha0\OneDrive\Backup\3. Computer Science\Projects\Web\digital-directive-system\staff-side\build\index.html'
    at Object.openSync (node:fs:585:3)
    at Object.writeFileSync (node:fs:2157:35)
    at Object.createFileSync (C:\Users\lsha0\AppData\Roaming\npm\node_modules\firebase-tools\node_modules\fs-extra\lib\ensure\file.js:43:6)
    at Config.writeProjectFile (C:\Users\lsha0\AppData\Roaming\npm\node_modules\firebase-tools\lib\config.js:151:12)
    at C:\Users\lsha0\AppData\Roaming\npm\node_modules\firebase-tools\lib\config.js:175:22
    at processTicksAndRejections (node:internal/process/task_queues:96:5)
    at async doSetup (C:\Users\lsha0\AppData\Roaming\npm\node_modules\firebase-tools\lib\init\features\hosting\index.js:52:5)
    at async init (C:\Users\lsha0\AppData\Roaming\npm\node_modules\firebase-tools\lib\init\index.js:36:9)
[error] 
[error] Error: An unexpected error has occurred.
[debug] [2022-05-11T08:02:18.296Z] ----------------------------------------------------------------------
[debug] [2022-05-11T08:02:18.299Z] Command:       C:\Program Files\nodejs\node.exe C:\Users\lsha0\AppData\Roaming\npm\node_modules\firebase-tools\lib\bin\firebase.js init --debug
[debug] [2022-05-11T08:02:18.299Z] CLI Version:   10.9.0
[debug] [2022-05-11T08:02:18.300Z] Platform:      win32
[debug] [2022-05-11T08:02:18.300Z] Node Version:  v16.14.2
[debug] [2022-05-11T08:02:18.301Z] Time:          Wed May 11 2022 01:02:18 GMT-0700 (Pacific Daylight Saving Time)
[debug] [2022-05-11T08:02:18.302Z] ----------------------------------------------------------------------
[debug] 
[debug] [2022-05-11T08:02:18.313Z] > command requires scopes: ["email","openid","https://www.googleapis.com/auth/cloudplatformprojects.readonly","https://www.googleapis.com/auth/firebase","https://www.googleapis.com/auth/cloud-platform"]
[debug] [2022-05-11T08:02:18.315Z] > authorizing via signed-in user (lsha0730@gmail.com)
[info] 
     ######## #### ########  ######## ########     ###     ######  ########
     ##        ##  ##     ## ##       ##     ##  ##   ##  ##       ##
     ######    ##  ########  ######   ########  #########  ######  ######
     ##        ##  ##    ##  ##       ##     ## ##     ##       ## ##
     ##       #### ##     ## ######## ########  ##     ##  ######  ########

You're about to initialize a Firebase project in this directory:

  C:\Users\lsha0\OneDrive\Backup\3. Computer Science\Projects\Web\digital-directive-system\staff-side

[info] 
=== Project Setup
[info] 
[info] First, let's associate this project directory with a Firebase project.
[info] You can create multiple project aliases by running firebase use --add, 
[info] but for now we'll just set up a default project.
[info] 
[debug] [2022-05-11T08:02:30.703Z] > refreshing access token with scopes: []
[debug] [2022-05-11T08:02:30.704Z] >>> HTTP REQUEST POST https://www.googleapis.com/oauth2/v3/token  
 <request body omitted>
[debug] [2022-05-11T08:02:30.971Z] <<< HTTP RESPONSE 200 {"pragma":"no-cache","date":"Wed, 11 May 2022 08:02:30 GMT","expires":"Mon, 01 Jan 1990 00:00:00 GMT","cache-control":"no-cache, no-store, max-age=0, must-revalidate","content-type":"application/json; charset=utf-8","vary":"X-Origin, Referer, Origin,Accept-Encoding","server":"scaffolding on HTTPServer2","x-xss-protection":"0","x-frame-options":"SAMEORIGIN","x-content-type-options":"nosniff","alt-svc":"h3=\":443\"; ma=2592000,h3-29=\":443\"; ma=2592000,h3-Q050=\":443\"; ma=2592000,h3-Q046=\":443\"; ma=2592000,h3-Q043=\":443\"; ma=2592000,quic=\":443\"; ma=2592000; v=\"46,43\"","accept-ranges":"none","transfer-encoding":"chunked"}
[debug] [2022-05-11T08:02:30.990Z] >>> [apiv2][query] GET https://firebase.googleapis.com/v1beta1/projects pageSize=100
[debug] [2022-05-11T08:02:31.576Z] <<< [apiv2][status] GET https://firebase.googleapis.com/v1beta1/projects 200
[debug] [2022-05-11T08:02:31.577Z] <<< [apiv2][body] GET https://firebase.googleapis.com/v1beta1/projects [omitted]
[info] i  Using project munsuite-d1d0c (munsuite) 
[info] 
=== Database Setup
[info] i  database: ensuring required API firebasedatabase.googleapis.com is enabled... 
[debug] [2022-05-11T08:02:33.558Z] >>> [apiv2][query] GET https://serviceusage.googleapis.com/v1/projects/munsuite-d1d0c/services/firebasedatabase.googleapis.com [none]
[debug] [2022-05-11T08:02:33.956Z] <<< [apiv2][status] GET https://serviceusage.googleapis.com/v1/projects/munsuite-d1d0c/services/firebasedatabase.googleapis.com 200
[debug] [2022-05-11T08:02:33.957Z] <<< [apiv2][body] GET https://serviceusage.googleapis.com/v1/projects/munsuite-d1d0c/services/firebasedatabase.googleapis.com [omitted]
[info] +  database: required API firebasedatabase.googleapis.com is enabled 
[info] 
[debug] [2022-05-11T08:02:33.960Z] > refreshing access token with scopes: ["email","https://www.googleapis.com/auth/cloud-platform","https://www.googleapis.com/auth/cloudplatformprojects.readonly","https://www.googleapis.com/auth/firebase","openid"]
[debug] [2022-05-11T08:02:33.961Z] >>> HTTP REQUEST POST https://www.googleapis.com/oauth2/v3/token  
 <request body omitted>
[debug] [2022-05-11T08:02:34.032Z] <<< HTTP RESPONSE 200 {"date":"Wed, 11 May 2022 08:02:34 GMT","cache-control":"no-cache, no-store, max-age=0, must-revalidate","expires":"Mon, 01 Jan 1990 00:00:00 GMT","pragma":"no-cache","content-type":"application/json; charset=utf-8","vary":"X-Origin, Referer, Origin,Accept-Encoding","server":"scaffolding on HTTPServer2","x-xss-protection":"0","x-frame-options":"SAMEORIGIN","x-content-type-options":"nosniff","alt-svc":"h3=\":443\"; ma=2592000,h3-29=\":443\"; ma=2592000,h3-Q050=\":443\"; ma=2592000,h3-Q046=\":443\"; ma=2592000,h3-Q043=\":443\"; ma=2592000,quic=\":443\"; ma=2592000; v=\"46,43\"","accept-ranges":"none","transfer-encoding":"chunked"}
[debug] [2022-05-11T08:02:34.054Z] >>> HTTP REQUEST GET https://firebasedatabase.googleapis.com/v1beta/projects/munsuite-d1d0c/locations/-/instances/munsuite-d1d0c-default-rtdb  
 
[debug] [2022-05-11T08:02:34.435Z] <<< HTTP RESPONSE 200 {"content-type":"application/json; charset=UTF-8","vary":"X-Origin, Referer, Origin,Accept-Encoding","date":"Wed, 11 May 2022 08:02:34 GMT","server":"ESF","cache-control":"private","x-xss-protection":"0","x-frame-options":"SAMEORIGIN","x-content-type-options":"nosniff","alt-svc":"h3=\":443\"; ma=2592000,h3-29=\":443\"; ma=2592000,h3-Q050=\":443\"; ma=2592000,h3-Q046=\":443\"; ma=2592000,h3-Q043=\":443\"; ma=2592000,quic=\":443\"; ma=2592000; v=\"46,43\"","accept-ranges":"none","transfer-encoding":"chunked"}
[info] 
[info] Firebase Realtime Database Security Rules allow you to define how your data should be
[info] structured and when your data can be read from and written to.
[info] 
[debug] [2022-05-11T08:02:37.532Z] >>> HTTP REQUEST GET https://munsuite-d1d0c-default-rtdb.firebaseio.com/.settings/rules.json  
 
[debug] [2022-05-11T08:02:37.813Z] <<< HTTP RESPONSE 200 {"server":"nginx","date":"Wed, 11 May 2022 08:02:37 GMT","content-type":"application/json; charset=utf-8","content-length":"119","connection":"keep-alive","access-control-allow-origin":"*","cache-control":"no-cache","strict-transport-security":"max-age=31556926; includeSubDomains; preload"}
[info] +  Database Rules for munsuite-d1d0c-default-rtdb have been written to database.rules.json. 
[info] Future modifications to database.rules.json will update Realtime Database Security Rules when you run
[info] firebase deploy.
[info] 
=== Hosting Setup
[info] 
[info] Your public directory is the folder (relative to your project directory) that
[info] will contain Hosting assets to be uploaded with firebase deploy. If you
[info] have a build process for your assets, use your build's output directory.
[info] 
[debug] [2022-05-11T08:02:45.424Z] >>> [apiv2][query] GET https://www.gstatic.com/firebasejs/releases.json [none]
[debug] [2022-05-11T08:02:45.496Z] <<< [apiv2][status] GET https://www.gstatic.com/firebasejs/releases.json 200
[debug] [2022-05-11T08:02:45.497Z] <<< [apiv2][body] GET https://www.gstatic.com/firebasejs/releases.json {"current":{"version":"9.8.1","browserURL":"https://www.gstatic.com/firebasejs/9.8.1/firebase.js","packageURL":"https://www.gstatic.com/firebasejs/9.8.1/firebase.tgz"},"live":{"version":"9.8","browserURL":"https://www.gstatic.com/firebasejs/live/9.8/firebase.js","packageURL":"https://www.gstatic.com/firebasejs/live/9.8/firebase.tgz"},"components":{"analytics":"https://www.gstatic.com/firebasejs/9.8.1/firebase-analytics.js","app":"https://www.gstatic.com/firebasejs/9.8.1/firebase-app.js","app-check":"https://www.gstatic.com/firebasejs/9.8.1/firebase-app-check.js","auth":"https://www.gstatic.com/firebasejs/9.8.1/firebase-auth.js","auth/cordova":"https://www.gstatic.com/firebasejs/9.8.1/firebase-auth/cordova.js","auth/react-native":"https://www.gstatic.com/firebasejs/9.8.1/firebase-auth/react-native.js","functions":"https://www.gstatic.com/firebasejs/9.8.1/firebase-functions.js","firestore":"https://www.gstatic.com/firebasejs/9.8.1/firebase-firestore.js","firestore/lite":"https://www.gstatic.com/firebasejs/9.8.1/firebase-firestore/lite.js","storage":"https://www.gstatic.com/firebasejs/9.8.1/firebase-storage.js","performance":"https://www.gstatic.com/firebasejs/9.8.1/firebase-performance.js","remote-config":"https://www.gstatic.com/firebasejs/9.8.1/firebase-remote-config.js","messaging":"https://www.gstatic.com/firebasejs/9.8.1/firebase-messaging.js","messaging/sw":"https://www.gstatic.com/firebasejs/9.8.1/firebase-messaging/sw.js","database":"https://www.gstatic.com/firebasejs/9.8.1/firebase-database.js","firestore.memory":"https://www.gstatic.com/firebasejs/9.8.1/firebase-firestore.memory.js"}}
[debug] [2022-05-11T08:02:45.560Z] Error: ENOENT: no such file or directory, open 'C:\Users\lsha0\OneDrive\Backup\3. Computer Science\Projects\Web\digital-directive-system\staff-side\build\index.html'
    at Object.openSync (node:fs:585:3)
    at Object.writeFileSync (node:fs:2157:35)
    at Object.createFileSync (C:\Users\lsha0\AppData\Roaming\npm\node_modules\firebase-tools\node_modules\fs-extra\lib\ensure\file.js:43:6)
    at Config.writeProjectFile (C:\Users\lsha0\AppData\Roaming\npm\node_modules\firebase-tools\lib\config.js:151:12)
    at C:\Users\lsha0\AppData\Roaming\npm\node_modules\firebase-tools\lib\config.js:175:22
    at processTicksAndRejections (node:internal/process/task_queues:96:5)
    at async doSetup (C:\Users\lsha0\AppData\Roaming\npm\node_modules\firebase-tools\lib\init\features\hosting\index.js:52:5)
    at async init (C:\Users\lsha0\AppData\Roaming\npm\node_modules\firebase-tools\lib\init\index.js:36:9)
[error] 
[error] Error: An unexpected error has occurred.
[debug] [2022-05-11T08:03:42.366Z] ----------------------------------------------------------------------
[debug] [2022-05-11T08:03:42.368Z] Command:       C:\Program Files\nodejs\node.exe C:\Users\lsha0\AppData\Roaming\npm\node_modules\firebase-tools\lib\bin\firebase.js init
[debug] [2022-05-11T08:03:42.369Z] CLI Version:   10.9.0
[debug] [2022-05-11T08:03:42.369Z] Platform:      win32
[debug] [2022-05-11T08:03:42.369Z] Node Version:  v16.14.2
[debug] [2022-05-11T08:03:42.371Z] Time:          Wed May 11 2022 01:03:42 GMT-0700 (Pacific Daylight Saving Time)
[debug] [2022-05-11T08:03:42.371Z] ----------------------------------------------------------------------
[debug] 
[debug] [2022-05-11T08:03:42.388Z] > command requires scopes: ["email","openid","https://www.googleapis.com/auth/cloudplatformprojects.readonly","https://www.googleapis.com/auth/firebase","https://www.googleapis.com/auth/cloud-platform"]
[debug] [2022-05-11T08:03:42.388Z] > authorizing via signed-in user (lsha0730@gmail.com)
[info] 
     ######## #### ########  ######## ########     ###     ######  ########
     ##        ##  ##     ## ##       ##     ##  ##   ##  ##       ##
     ######    ##  ########  ######   ########  #########  ######  ######
     ##        ##  ##    ##  ##       ##     ## ##     ##       ## ##
     ##       #### ##     ## ######## ########  ##     ##  ######  ########

You're about to initialize a Firebase project in this directory:

  C:\Users\lsha0\OneDrive\Backup\3. Computer Science\Projects\Web\digital-directive-system\staff-side

[info] 
=== Project Setup
[info] 
[info] First, let's associate this project directory with a Firebase project.
[info] You can create multiple project aliases by running firebase use --add, 
[info] but for now we'll just set up a default project.
[info] 
[debug] [2022-05-11T08:03:52.168Z] > refreshing access token with scopes: []
[debug] [2022-05-11T08:03:52.169Z] >>> HTTP REQUEST POST https://www.googleapis.com/oauth2/v3/token  
 <request body omitted>
[debug] [2022-05-11T08:03:52.365Z] <<< HTTP RESPONSE 200 {"expires":"Mon, 01 Jan 1990 00:00:00 GMT","date":"Wed, 11 May 2022 08:03:52 GMT","cache-control":"no-cache, no-store, max-age=0, must-revalidate","pragma":"no-cache","content-type":"application/json; charset=utf-8","vary":"X-Origin, Referer, Origin,Accept-Encoding","server":"scaffolding on HTTPServer2","x-xss-protection":"0","x-frame-options":"SAMEORIGIN","x-content-type-options":"nosniff","alt-svc":"h3=\":443\"; ma=2592000,h3-29=\":443\"; ma=2592000,h3-Q050=\":443\"; ma=2592000,h3-Q046=\":443\"; ma=2592000,h3-Q043=\":443\"; ma=2592000,quic=\":443\"; ma=2592000; v=\"46,43\"","accept-ranges":"none","transfer-encoding":"chunked"}
[debug] [2022-05-11T08:03:52.383Z] >>> [apiv2][query] GET https://firebase.googleapis.com/v1beta1/projects pageSize=100
[debug] [2022-05-11T08:03:52.674Z] <<< [apiv2][status] GET https://firebase.googleapis.com/v1beta1/projects 200
[debug] [2022-05-11T08:03:52.674Z] <<< [apiv2][body] GET https://firebase.googleapis.com/v1beta1/projects [omitted]
[info] i  Using project munsuite-d1d0c (munsuite) 
[info] 
=== Database Setup
[info] i  database: ensuring required API firebasedatabase.googleapis.com is enabled... 
[debug] [2022-05-11T08:03:54.086Z] >>> [apiv2][query] GET https://serviceusage.googleapis.com/v1/projects/munsuite-d1d0c/services/firebasedatabase.googleapis.com [none]
[debug] [2022-05-11T08:03:54.515Z] <<< [apiv2][status] GET https://serviceusage.googleapis.com/v1/projects/munsuite-d1d0c/services/firebasedatabase.googleapis.com 200
[debug] [2022-05-11T08:03:54.515Z] <<< [apiv2][body] GET https://serviceusage.googleapis.com/v1/projects/munsuite-d1d0c/services/firebasedatabase.googleapis.com [omitted]
[info] +  database: required API firebasedatabase.googleapis.com is enabled 
[info] 
[debug] [2022-05-11T08:03:54.517Z] > refreshing access token with scopes: ["email","https://www.googleapis.com/auth/cloud-platform","https://www.googleapis.com/auth/cloudplatformprojects.readonly","https://www.googleapis.com/auth/firebase","openid"]
[debug] [2022-05-11T08:03:54.518Z] >>> HTTP REQUEST POST https://www.googleapis.com/oauth2/v3/token  
 <request body omitted>
[debug] [2022-05-11T08:03:54.586Z] <<< HTTP RESPONSE 200 {"date":"Wed, 11 May 2022 08:03:54 GMT","expires":"Mon, 01 Jan 1990 00:00:00 GMT","cache-control":"no-cache, no-store, max-age=0, must-revalidate","pragma":"no-cache","content-type":"application/json; charset=utf-8","vary":"X-Origin, Referer, Origin,Accept-Encoding","server":"scaffolding on HTTPServer2","x-xss-protection":"0","x-frame-options":"SAMEORIGIN","x-content-type-options":"nosniff","alt-svc":"h3=\":443\"; ma=2592000,h3-29=\":443\"; ma=2592000,h3-Q050=\":443\"; ma=2592000,h3-Q046=\":443\"; ma=2592000,h3-Q043=\":443\"; ma=2592000,quic=\":443\"; ma=2592000; v=\"46,43\"","accept-ranges":"none","transfer-encoding":"chunked"}
[debug] [2022-05-11T08:03:54.599Z] >>> HTTP REQUEST GET https://firebasedatabase.googleapis.com/v1beta/projects/munsuite-d1d0c/locations/-/instances/munsuite-d1d0c-default-rtdb  
 
[debug] [2022-05-11T08:03:54.941Z] <<< HTTP RESPONSE 200 {"content-type":"application/json; charset=UTF-8","vary":"X-Origin, Referer, Origin,Accept-Encoding","date":"Wed, 11 May 2022 08:03:54 GMT","server":"ESF","cache-control":"private","x-xss-protection":"0","x-frame-options":"SAMEORIGIN","x-content-type-options":"nosniff","alt-svc":"h3=\":443\"; ma=2592000,h3-29=\":443\"; ma=2592000,h3-Q050=\":443\"; ma=2592000,h3-Q046=\":443\"; ma=2592000,h3-Q043=\":443\"; ma=2592000,quic=\":443\"; ma=2592000; v=\"46,43\"","accept-ranges":"none","transfer-encoding":"chunked"}
[info] 
[info] Firebase Realtime Database Security Rules allow you to define how your data should be
[info] structured and when your data can be read from and written to.
[info] 
[debug] [2022-05-11T08:03:57.313Z] >>> HTTP REQUEST GET https://munsuite-d1d0c-default-rtdb.firebaseio.com/.settings/rules.json  
 
[debug] [2022-05-11T08:03:57.518Z] <<< HTTP RESPONSE 200 {"server":"nginx","date":"Wed, 11 May 2022 08:03:57 GMT","content-type":"application/json; charset=utf-8","content-length":"119","connection":"keep-alive","access-control-allow-origin":"*","cache-control":"no-cache","strict-transport-security":"max-age=31556926; includeSubDomains; preload"}
[info] +  Database Rules for munsuite-d1d0c-default-rtdb have been written to database.rules.json. 
[info] Future modifications to database.rules.json will update Realtime Database Security Rules when you run
[info] firebase deploy.
[info] 
=== Hosting Setup
[info] 
[info] Your public directory is the folder (relative to your project directory) that
[info] will contain Hosting assets to be uploaded with firebase deploy. If you
[info] have a build process for your assets, use your build's output directory.
[info] 
[debug] [2022-05-11T08:04:02.713Z] >>> [apiv2][query] GET https://www.gstatic.com/firebasejs/releases.json [none]
[debug] [2022-05-11T08:04:02.765Z] <<< [apiv2][status] GET https://www.gstatic.com/firebasejs/releases.json 200
[debug] [2022-05-11T08:04:02.766Z] <<< [apiv2][body] GET https://www.gstatic.com/firebasejs/releases.json {"current":{"version":"9.8.1","browserURL":"https://www.gstatic.com/firebasejs/9.8.1/firebase.js","packageURL":"https://www.gstatic.com/firebasejs/9.8.1/firebase.tgz"},"live":{"version":"9.8","browserURL":"https://www.gstatic.com/firebasejs/live/9.8/firebase.js","packageURL":"https://www.gstatic.com/firebasejs/live/9.8/firebase.tgz"},"components":{"analytics":"https://www.gstatic.com/firebasejs/9.8.1/firebase-analytics.js","app":"https://www.gstatic.com/firebasejs/9.8.1/firebase-app.js","app-check":"https://www.gstatic.com/firebasejs/9.8.1/firebase-app-check.js","auth":"https://www.gstatic.com/firebasejs/9.8.1/firebase-auth.js","auth/cordova":"https://www.gstatic.com/firebasejs/9.8.1/firebase-auth/cordova.js","auth/react-native":"https://www.gstatic.com/firebasejs/9.8.1/firebase-auth/react-native.js","functions":"https://www.gstatic.com/firebasejs/9.8.1/firebase-functions.js","firestore":"https://www.gstatic.com/firebasejs/9.8.1/firebase-firestore.js","firestore/lite":"https://www.gstatic.com/firebasejs/9.8.1/firebase-firestore/lite.js","storage":"https://www.gstatic.com/firebasejs/9.8.1/firebase-storage.js","performance":"https://www.gstatic.com/firebasejs/9.8.1/firebase-performance.js","remote-config":"https://www.gstatic.com/firebasejs/9.8.1/firebase-remote-config.js","messaging":"https://www.gstatic.com/firebasejs/9.8.1/firebase-messaging.js","messaging/sw":"https://www.gstatic.com/firebasejs/9.8.1/firebase-messaging/sw.js","database":"https://www.gstatic.com/firebasejs/9.8.1/firebase-database.js","firestore.memory":"https://www.gstatic.com/firebasejs/9.8.1/firebase-firestore.memory.js"}}
[debug] [2022-05-11T08:04:02.823Z] Error: ENOENT: no such file or directory, open 'C:\Users\lsha0\OneDrive\Backup\3. Computer Science\Projects\Web\digital-directive-system\staff-side\build\index.html'
    at Object.openSync (node:fs:585:3)
    at Object.writeFileSync (node:fs:2157:35)
    at Object.createFileSync (C:\Users\lsha0\AppData\Roaming\npm\node_modules\firebase-tools\node_modules\fs-extra\lib\ensure\file.js:43:6)
    at Config.writeProjectFile (C:\Users\lsha0\AppData\Roaming\npm\node_modules\firebase-tools\lib\config.js:151:12)
    at C:\Users\lsha0\AppData\Roaming\npm\node_modules\firebase-tools\lib\config.js:175:22
    at processTicksAndRejections (node:internal/process/task_queues:96:5)
    at async doSetup (C:\Users\lsha0\AppData\Roaming\npm\node_modules\firebase-tools\lib\init\features\hosting\index.js:52:5)
    at async init (C:\Users\lsha0\AppData\Roaming\npm\node_modules\firebase-tools\lib\init\index.js:36:9)
[error] 
[error] Error: An unexpected error has occurred.
[debug] [2022-05-11T08:07:21.173Z] ----------------------------------------------------------------------
[debug] [2022-05-11T08:07:21.175Z] Command:       C:\Program Files\nodejs\node.exe C:\Users\lsha0\AppData\Roaming\npm\node_modules\firebase-tools\lib\bin\firebase.js init
[debug] [2022-05-11T08:07:21.176Z] CLI Version:   10.9.0
[debug] [2022-05-11T08:07:21.176Z] Platform:      win32
[debug] [2022-05-11T08:07:21.176Z] Node Version:  v16.14.2
[debug] [2022-05-11T08:07:21.179Z] Time:          Wed May 11 2022 01:07:21 GMT-0700 (Pacific Daylight Saving Time)
[debug] [2022-05-11T08:07:21.180Z] ----------------------------------------------------------------------
[debug] 
[debug] [2022-05-11T08:07:21.201Z] > command requires scopes: ["email","openid","https://www.googleapis.com/auth/cloudplatformprojects.readonly","https://www.googleapis.com/auth/firebase","https://www.googleapis.com/auth/cloud-platform"]
[debug] [2022-05-11T08:07:21.201Z] > authorizing via signed-in user (lsha0730@gmail.com)
[info] 
     ######## #### ########  ######## ########     ###     ######  ########
     ##        ##  ##     ## ##       ##     ##  ##   ##  ##       ##
     ######    ##  ########  ######   ########  #########  ######  ######
     ##        ##  ##    ##  ##       ##     ## ##     ##       ## ##
     ##       #### ##     ## ######## ########  ##     ##  ######  ########

You're about to initialize a Firebase project in this directory:

  C:\Users\lsha0\OneDrive\Backup\3. Computer Science\Projects\Web\digital-directive-system\staff-side

[info] 
=== Project Setup
[info] 
[info] First, let's associate this project directory with a Firebase project.
[info] You can create multiple project aliases by running firebase use --add, 
[info] but for now we'll just set up a default project.
[info] 
[debug] [2022-05-11T08:07:35.606Z] > refreshing access token with scopes: []
[debug] [2022-05-11T08:07:35.607Z] >>> HTTP REQUEST POST https://www.googleapis.com/oauth2/v3/token  
 <request body omitted>
[debug] [2022-05-11T08:07:35.800Z] <<< HTTP RESPONSE 200 {"date":"Wed, 11 May 2022 08:07:35 GMT","pragma":"no-cache","expires":"Mon, 01 Jan 1990 00:00:00 GMT","cache-control":"no-cache, no-store, max-age=0, must-revalidate","content-type":"application/json; charset=utf-8","vary":"X-Origin, Referer, Origin,Accept-Encoding","server":"scaffolding on HTTPServer2","x-xss-protection":"0","x-frame-options":"SAMEORIGIN","x-content-type-options":"nosniff","alt-svc":"h3=\":443\"; ma=2592000,h3-29=\":443\"; ma=2592000,h3-Q050=\":443\"; ma=2592000,h3-Q046=\":443\"; ma=2592000,h3-Q043=\":443\"; ma=2592000,quic=\":443\"; ma=2592000; v=\"46,43\"","accept-ranges":"none","transfer-encoding":"chunked"}
[debug] [2022-05-11T08:07:35.816Z] >>> [apiv2][query] GET https://firebase.googleapis.com/v1beta1/projects pageSize=100
[debug] [2022-05-11T08:07:36.315Z] <<< [apiv2][status] GET https://firebase.googleapis.com/v1beta1/projects 200
[debug] [2022-05-11T08:07:36.315Z] <<< [apiv2][body] GET https://firebase.googleapis.com/v1beta1/projects [omitted]
[info] i  Using project first-project-94c7b (first-project) 
[info] 
=== Database Setup
[info] i  database: ensuring required API firebasedatabase.googleapis.com is enabled... 
[debug] [2022-05-11T08:07:36.329Z] >>> [apiv2][query] GET https://serviceusage.googleapis.com/v1/projects/first-project-94c7b/services/firebasedatabase.googleapis.com [none]
[debug] [2022-05-11T08:07:36.820Z] <<< [apiv2][status] GET https://serviceusage.googleapis.com/v1/projects/first-project-94c7b/services/firebasedatabase.googleapis.com 200
[debug] [2022-05-11T08:07:36.820Z] <<< [apiv2][body] GET https://serviceusage.googleapis.com/v1/projects/first-project-94c7b/services/firebasedatabase.googleapis.com [omitted]
[warn] !  database: missing required API firebasedatabase.googleapis.com. Enabling now... 
[debug] [2022-05-11T08:07:36.821Z] >>> [apiv2][query] POST https://serviceusage.googleapis.com/v1/projects/first-project-94c7b/services/firebasedatabase.googleapis.com:enable [none]
[debug] [2022-05-11T08:07:37.128Z] <<< [apiv2][status] POST https://serviceusage.googleapis.com/v1/projects/first-project-94c7b/services/firebasedatabase.googleapis.com:enable 200
[debug] [2022-05-11T08:07:37.128Z] <<< [apiv2][body] POST https://serviceusage.googleapis.com/v1/projects/first-project-94c7b/services/firebasedatabase.googleapis.com:enable [omitted]
[debug] [2022-05-11T08:07:47.144Z] >>> [apiv2][query] GET https://serviceusage.googleapis.com/v1/projects/first-project-94c7b/services/firebasedatabase.googleapis.com [none]
[debug] [2022-05-11T08:07:47.572Z] <<< [apiv2][status] GET https://serviceusage.googleapis.com/v1/projects/first-project-94c7b/services/firebasedatabase.googleapis.com 200
[debug] [2022-05-11T08:07:47.572Z] <<< [apiv2][body] GET https://serviceusage.googleapis.com/v1/projects/first-project-94c7b/services/firebasedatabase.googleapis.com [omitted]
[info] +  database: required API firebasedatabase.googleapis.com is enabled 
[info] 
[debug] [2022-05-11T08:07:47.579Z] >>> [apiv2][query] GET https://firebase.googleapis.com/v1beta1/projects/first-project-94c7b [none]
[debug] [2022-05-11T08:07:47.878Z] <<< [apiv2][status] GET https://firebase.googleapis.com/v1beta1/projects/first-project-94c7b 200
[debug] [2022-05-11T08:07:47.879Z] <<< [apiv2][body] GET https://firebase.googleapis.com/v1beta1/projects/first-project-94c7b {"projectId":"first-project-94c7b","projectNumber":"558383844247","displayName":"first-project","name":"projects/first-project-94c7b","resources":{"hostingSite":"first-project-94c7b"},"state":"ACTIVE"}
[debug] [2022-05-11T08:07:57.479Z] ----------------------------------------------------------------------
[debug] [2022-05-11T08:07:57.483Z] Command:       C:\Program Files\nodejs\node.exe C:\Users\lsha0\AppData\Roaming\npm\node_modules\firebase-tools\lib\bin\firebase.js init
[debug] [2022-05-11T08:07:57.484Z] CLI Version:   10.9.0
[debug] [2022-05-11T08:07:57.484Z] Platform:      win32
[debug] [2022-05-11T08:07:57.485Z] Node Version:  v16.14.2
[debug] [2022-05-11T08:07:57.486Z] Time:          Wed May 11 2022 01:07:57 GMT-0700 (Pacific Daylight Saving Time)
[debug] [2022-05-11T08:07:57.487Z] ----------------------------------------------------------------------
[debug] 
[debug] [2022-05-11T08:07:57.499Z] > command requires scopes: ["email","openid","https://www.googleapis.com/auth/cloudplatformprojects.readonly","https://www.googleapis.com/auth/firebase","https://www.googleapis.com/auth/cloud-platform"]
[debug] [2022-05-11T08:07:57.499Z] > authorizing via signed-in user (lsha0730@gmail.com)
[info] 
     ######## #### ########  ######## ########     ###     ######  ########
     ##        ##  ##     ## ##       ##     ##  ##   ##  ##       ##
     ######    ##  ########  ######   ########  #########  ######  ######
     ##        ##  ##    ##  ##       ##     ## ##     ##       ## ##
     ##       #### ##     ## ######## ########  ##     ##  ######  ########

You're about to initialize a Firebase project in this directory:

  C:\Users\lsha0\OneDrive\Backup\3. Computer Science\Projects\Web\digital-directive-system\staff-side

[info] 
=== Project Setup
[info] 
[info] First, let's associate this project directory with a Firebase project.
[info] You can create multiple project aliases by running firebase use --add, 
[info] but for now we'll just set up a default project.
[info] 
[debug] [2022-05-11T08:08:06.643Z] >>> [apiv2][query] GET https://firebase.googleapis.com/v1beta1/projects pageSize=100
[debug] [2022-05-11T08:08:07.139Z] <<< [apiv2][status] GET https://firebase.googleapis.com/v1beta1/projects 200
[debug] [2022-05-11T08:08:07.139Z] <<< [apiv2][body] GET https://firebase.googleapis.com/v1beta1/projects [omitted]
[info] i  Using project munsuite-d1d0c (munsuite) 
[info] 
=== Database Setup
[info] i  database: ensuring required API firebasedatabase.googleapis.com is enabled... 
[debug] [2022-05-11T08:08:08.898Z] >>> [apiv2][query] GET https://serviceusage.googleapis.com/v1/projects/munsuite-d1d0c/services/firebasedatabase.googleapis.com [none]
[debug] [2022-05-11T08:08:09.359Z] <<< [apiv2][status] GET https://serviceusage.googleapis.com/v1/projects/munsuite-d1d0c/services/firebasedatabase.googleapis.com 200
[debug] [2022-05-11T08:08:09.359Z] <<< [apiv2][body] GET https://serviceusage.googleapis.com/v1/projects/munsuite-d1d0c/services/firebasedatabase.googleapis.com [omitted]
[info] +  database: required API firebasedatabase.googleapis.com is enabled 
[info] 
[debug] [2022-05-11T08:08:09.362Z] > refreshing access token with scopes: ["email","https://www.googleapis.com/auth/cloud-platform","https://www.googleapis.com/auth/cloudplatformprojects.readonly","https://www.googleapis.com/auth/firebase","openid"]
[debug] [2022-05-11T08:08:09.362Z] >>> HTTP REQUEST POST https://www.googleapis.com/oauth2/v3/token  
 <request body omitted>
[debug] [2022-05-11T08:08:09.487Z] <<< HTTP RESPONSE 200 {"date":"Wed, 11 May 2022 08:08:09 GMT","cache-control":"no-cache, no-store, max-age=0, must-revalidate","pragma":"no-cache","expires":"Mon, 01 Jan 1990 00:00:00 GMT","content-type":"application/json; charset=utf-8","vary":"X-Origin, Referer, Origin,Accept-Encoding","server":"scaffolding on HTTPServer2","x-xss-protection":"0","x-frame-options":"SAMEORIGIN","x-content-type-options":"nosniff","alt-svc":"h3=\":443\"; ma=2592000,h3-29=\":443\"; ma=2592000,h3-Q050=\":443\"; ma=2592000,h3-Q046=\":443\"; ma=2592000,h3-Q043=\":443\"; ma=2592000,quic=\":443\"; ma=2592000; v=\"46,43\"","accept-ranges":"none","transfer-encoding":"chunked"}
[debug] [2022-05-11T08:08:09.499Z] >>> HTTP REQUEST GET https://firebasedatabase.googleapis.com/v1beta/projects/munsuite-d1d0c/locations/-/instances/munsuite-d1d0c-default-rtdb  
 
[debug] [2022-05-11T08:08:09.995Z] <<< HTTP RESPONSE 200 {"content-type":"application/json; charset=UTF-8","vary":"X-Origin, Referer, Origin,Accept-Encoding","date":"Wed, 11 May 2022 08:08:09 GMT","server":"ESF","cache-control":"private","x-xss-protection":"0","x-frame-options":"SAMEORIGIN","x-content-type-options":"nosniff","alt-svc":"h3=\":443\"; ma=2592000,h3-29=\":443\"; ma=2592000,h3-Q050=\":443\"; ma=2592000,h3-Q046=\":443\"; ma=2592000,h3-Q043=\":443\"; ma=2592000,quic=\":443\"; ma=2592000; v=\"46,43\"","accept-ranges":"none","transfer-encoding":"chunked"}
[info] 
[info] Firebase Realtime Database Security Rules allow you to define how your data should be
[info] structured and when your data can be read from and written to.
[info] 
[debug] [2022-05-11T08:08:14.072Z] >>> HTTP REQUEST GET https://munsuite-d1d0c-default-rtdb.firebaseio.com/.settings/rules.json  
 
[debug] [2022-05-11T08:08:14.501Z] <<< HTTP RESPONSE 200 {"server":"nginx","date":"Wed, 11 May 2022 08:08:14 GMT","content-type":"application/json; charset=utf-8","content-length":"119","connection":"keep-alive","access-control-allow-origin":"*","cache-control":"no-cache","strict-transport-security":"max-age=31556926; includeSubDomains; preload"}
[info] +  Database Rules for munsuite-d1d0c-default-rtdb have been written to database.rules.json. 
[info] Future modifications to database.rules.json will update Realtime Database Security Rules when you run
[info] firebase deploy.
[info] 
=== Hosting Setup
[info] 
[info] Your public directory is the folder (relative to your project directory) that
[info] will contain Hosting assets to be uploaded with firebase deploy. If you
[info] have a build process for your assets, use your build's output directory.
[info] 
[debug] [2022-05-11T08:08:20.709Z] >>> [apiv2][query] GET https://www.gstatic.com/firebasejs/releases.json [none]
[debug] [2022-05-11T08:08:20.851Z] <<< [apiv2][status] GET https://www.gstatic.com/firebasejs/releases.json 200
[debug] [2022-05-11T08:08:20.852Z] <<< [apiv2][body] GET https://www.gstatic.com/firebasejs/releases.json {"current":{"version":"9.8.1","browserURL":"https://www.gstatic.com/firebasejs/9.8.1/firebase.js","packageURL":"https://www.gstatic.com/firebasejs/9.8.1/firebase.tgz"},"live":{"version":"9.8","browserURL":"https://www.gstatic.com/firebasejs/live/9.8/firebase.js","packageURL":"https://www.gstatic.com/firebasejs/live/9.8/firebase.tgz"},"components":{"analytics":"https://www.gstatic.com/firebasejs/9.8.1/firebase-analytics.js","app":"https://www.gstatic.com/firebasejs/9.8.1/firebase-app.js","app-check":"https://www.gstatic.com/firebasejs/9.8.1/firebase-app-check.js","auth":"https://www.gstatic.com/firebasejs/9.8.1/firebase-auth.js","auth/cordova":"https://www.gstatic.com/firebasejs/9.8.1/firebase-auth/cordova.js","auth/react-native":"https://www.gstatic.com/firebasejs/9.8.1/firebase-auth/react-native.js","functions":"https://www.gstatic.com/firebasejs/9.8.1/firebase-functions.js","firestore":"https://www.gstatic.com/firebasejs/9.8.1/firebase-firestore.js","firestore/lite":"https://www.gstatic.com/firebasejs/9.8.1/firebase-firestore/lite.js","storage":"https://www.gstatic.com/firebasejs/9.8.1/firebase-storage.js","performance":"https://www.gstatic.com/firebasejs/9.8.1/firebase-performance.js","remote-config":"https://www.gstatic.com/firebasejs/9.8.1/firebase-remote-config.js","messaging":"https://www.gstatic.com/firebasejs/9.8.1/firebase-messaging.js","messaging/sw":"https://www.gstatic.com/firebasejs/9.8.1/firebase-messaging/sw.js","database":"https://www.gstatic.com/firebasejs/9.8.1/firebase-database.js","firestore.memory":"https://www.gstatic.com/firebasejs/9.8.1/firebase-firestore.memory.js"}}
[debug] [2022-05-11T08:08:20.955Z] Error: ENOENT: no such file or directory, open 'C:\Users\lsha0\OneDrive\Backup\3. Computer Science\Projects\Web\digital-directive-system\staff-side\build\index.html'
    at Object.openSync (node:fs:585:3)
    at Object.writeFileSync (node:fs:2157:35)
    at Object.createFileSync (C:\Users\lsha0\AppData\Roaming\npm\node_modules\firebase-tools\node_modules\fs-extra\lib\ensure\file.js:43:6)
    at Config.writeProjectFile (C:\Users\lsha0\AppData\Roaming\npm\node_modules\firebase-tools\lib\config.js:151:12)
    at C:\Users\lsha0\AppData\Roaming\npm\node_modules\firebase-tools\lib\config.js:175:22
    at processTicksAndRejections (node:internal/process/task_queues:96:5)
    at async doSetup (C:\Users\lsha0\AppData\Roaming\npm\node_modules\firebase-tools\lib\init\features\hosting\index.js:52:5)
    at async init (C:\Users\lsha0\AppData\Roaming\npm\node_modules\firebase-tools\lib\init\index.js:36:9)
[error] 
[error] Error: An unexpected error has occurred.
