[debug] [2022-10-16T11:43:26.307Z] ----------------------------------------------------------------------
[debug] [2022-10-16T11:43:26.309Z] Command:       /usr/local/bin/node /usr/local/bin/firebase deploy
[debug] [2022-10-16T11:43:26.310Z] CLI Version:   11.4.2
[debug] [2022-10-16T11:43:26.310Z] Platform:      linux
[debug] [2022-10-16T11:43:26.310Z] Node Version:  v16.15.1
[debug] [2022-10-16T11:43:26.311Z] Time:          Sun Oct 16 2022 04:43:26 GMT-0700 (Pacific Daylight Time)
[debug] [2022-10-16T11:43:26.311Z] ----------------------------------------------------------------------
[debug] 
[debug] [2022-10-16T11:43:26.388Z] > command requires scopes: ["email","openid","https://www.googleapis.com/auth/cloudplatformprojects.readonly","https://www.googleapis.com/auth/firebase","https://www.googleapis.com/auth/cloud-platform"]
[debug] [2022-10-16T11:43:26.389Z] > authorizing via signed-in user (lsha0730@gmail.com)
[debug] [2022-10-16T11:43:26.389Z] [iam] checking project munsuite-d1d0c for permissions ["cloudfunctions.functions.create","cloudfunctions.functions.delete","cloudfunctions.functions.get","cloudfunctions.functions.list","cloudfunctions.functions.update","cloudfunctions.operations.get","firebase.projects.get"]
[debug] [2022-10-16T11:43:26.390Z] > refreshing access token with scopes: []
[debug] [2022-10-16T11:43:26.393Z] >>> [apiv2][query] POST https://www.googleapis.com/oauth2/v3/token [none]
[debug] [2022-10-16T11:43:26.393Z] >>> [apiv2][body] POST https://www.googleapis.com/oauth2/v3/token [omitted]
[debug] [2022-10-16T11:43:26.529Z] <<< [apiv2][status] POST https://www.googleapis.com/oauth2/v3/token 200
[debug] [2022-10-16T11:43:26.530Z] <<< [apiv2][body] POST https://www.googleapis.com/oauth2/v3/token [omitted]
[debug] [2022-10-16T11:43:26.541Z] >>> [apiv2][query] POST https://cloudresourcemanager.googleapis.com/v1/projects/munsuite-d1d0c:testIamPermissions [none]
[debug] [2022-10-16T11:43:26.542Z] >>> [apiv2][(partial)header] POST https://cloudresourcemanager.googleapis.com/v1/projects/munsuite-d1d0c:testIamPermissions x-goog-quota-user=projects/munsuite-d1d0c
[debug] [2022-10-16T11:43:26.542Z] >>> [apiv2][body] POST https://cloudresourcemanager.googleapis.com/v1/projects/munsuite-d1d0c:testIamPermissions {"permissions":["cloudfunctions.functions.create","cloudfunctions.functions.delete","cloudfunctions.functions.get","cloudfunctions.functions.list","cloudfunctions.functions.update","cloudfunctions.operations.get","firebase.projects.get"]}
[debug] [2022-10-16T11:43:26.651Z] <<< [apiv2][status] POST https://cloudresourcemanager.googleapis.com/v1/projects/munsuite-d1d0c:testIamPermissions 200
[debug] [2022-10-16T11:43:26.651Z] <<< [apiv2][body] POST https://cloudresourcemanager.googleapis.com/v1/projects/munsuite-d1d0c:testIamPermissions {"permissions":["cloudfunctions.functions.create","cloudfunctions.functions.delete","cloudfunctions.functions.get","cloudfunctions.functions.list","cloudfunctions.functions.update","cloudfunctions.operations.get","firebase.projects.get"]}
[debug] [2022-10-16T11:43:26.652Z] >>> [apiv2][query] POST https://iam.googleapis.com/v1/projects/munsuite-d1d0c/serviceAccounts/munsuite-d1d0c@appspot.gserviceaccount.com:testIamPermissions [none]
[debug] [2022-10-16T11:43:26.652Z] >>> [apiv2][body] POST https://iam.googleapis.com/v1/projects/munsuite-d1d0c/serviceAccounts/munsuite-d1d0c@appspot.gserviceaccount.com:testIamPermissions {"permissions":["iam.serviceAccounts.actAs"]}
[debug] [2022-10-16T11:43:26.770Z] <<< [apiv2][status] POST https://iam.googleapis.com/v1/projects/munsuite-d1d0c/serviceAccounts/munsuite-d1d0c@appspot.gserviceaccount.com:testIamPermissions 200
[debug] [2022-10-16T11:43:26.771Z] <<< [apiv2][body] POST https://iam.googleapis.com/v1/projects/munsuite-d1d0c/serviceAccounts/munsuite-d1d0c@appspot.gserviceaccount.com:testIamPermissions {"permissions":["iam.serviceAccounts.actAs"]}
[info] 
[info] === Deploying to 'munsuite-d1d0c'...
[info] 
[info] i  deploying functions 
[debug] [2022-10-16T11:43:26.777Z] TypeError [ERR_INVALID_ARG_TYPE]: The "path" argument must be of type string. Received undefined
    at new NodeError (node:internal/errors:372:5)
    at validateString (node:internal/validators:120:11)
    at Object.join (node:path:1172:7)
    at Config.path (/usr/local/lib/node_modules/firebase-tools/lib/config.js:123:45)
    at getChildEnvironment (/usr/local/lib/node_modules/firebase-tools/lib/deploy/lifecycleHooks.js:51:49)
    at runTargetCommands (/usr/local/lib/node_modules/firebase-tools/lib/deploy/lifecycleHooks.js:72:14)
    at /usr/local/lib/node_modules/firebase-tools/lib/deploy/lifecycleHooks.js:121:24
    at processTicksAndRejections (node:internal/process/task_queues:96:5)
    at async chain (/usr/local/lib/node_modules/firebase-tools/lib/deploy/index.js:33:9)
    at async deploy (/usr/local/lib/node_modules/firebase-tools/lib/deploy/index.js:67:5)
[error] 
[error] Error: An unexpected error has occurred.
